#
# A fatal error has been detected by the Java Runtime Environment:
#
#  SIGSEGV (0xb) at pc=0x62717500, pid=23794, tid=0x614ff470
#
# JRE version: OpenJDK Runtime Environment (8.0_252-b09) (build 1.8.0_252-8u252-b09-1~deb9u1-b09)
# Java VM: OpenJDK Client VM (25.252-b09 mixed mode linux-aarch32 )
# Problematic frame:
# C  [libws281xj2886745876142869930.so+0x2500]  ws2811_fini+0xc
#
# Failed to write core dump. Core dumps have been disabled. To enable core dumping, try "ulimit -c unlimited" before starting Java again
#
# If you would like to submit a bug report, please visit:
#   http://bugreport.java.com/bugreport/crash.jsp
# The crash happened outside the Java Virtual Machine in native code.
# See problematic frame for where to report the bug.
#

---------------  T H R E A D  ---------------

Current thread (0x61014000):  JavaThread "WS281x Shutdown Handler" [_thread_in_native, id=24011, stack(0x614b0000,0x61500000)]

siginfo: si_signo: 11 (SIGSEGV), si_code: 1 (SEGV_MAPERR), si_addr: 0x00000010

Registers:
R0=0x62728c78
R1=0x614feb0c
R2=0x3df73b00
R3=0x00000000
R4=0x614feae0
R5=0x62728c78
R6=0x72f51128
R7=0x60d1e728
R8=0x61014000
R9=0x00000004
R10=0x60d1e568
R11=0x614feadc
R12=0x627174f4
R13=0x614feac0
R14=0x62716508
R15=0x62717500

Top of Stack: (sp=0x614feac0)
0x614feac0:   3df73b00 614feae0 00000000 62716508
0x614fead0:   614feb0c 61014130 614feb04 72f5496c
0x614feae0:   614feae0 00000000 614feb0c 60d1e728
0x614feaf0:   00000000 60d1e568 00000000 614feb10
0x614feb00:   614feb34 72f49810 00000000 6b12dc70
0x614feb10:   614feb10 60998778 614feb3c 60cfaf48
0x614feb20:   00000000 60998780 614feb10 614feb3c
0x614feb30:   614feb64 72f49854 61014000 6b1451c0 

Instructions: (pc=0x62717500)
0x627174e0:   09 00 e0 e3 38 80 bd e8 fc 16 01 00 d0 00 00 00
0x627174f0:   44 0f 00 00 38 40 2d e9 00 50 a0 e1 08 30 90 e5
0x62717500:   10 40 93 e5 f6 fa ff eb 08 00 95 e5 00 30 90 e5
0x62717510:   01 00 53 e3 0a 00 00 0a 02 00 53 e3 04 00 00 1a 

Register to memory mapping:

R0=0x62728c78: led_string+0 in /tmp/libws281xj2886745876142869930.so at 0x62715000
R1=0x614feb0c is pointing into the stack for thread: 0x61014000
R2=0x3df73b00 is an unknown value
R3=0x00000000 is an unknown value
R4=0x614feae0 is pointing into the stack for thread: 0x61014000
R5=0x62728c78: led_string+0 in /tmp/libws281xj2886745876142869930.so at 0x62715000
R6=0x72f51128 is at code_begin+40 in an Interpreter codelet
result handlers for native calls  [0x72f51100, 0x72f51140]  64 bytes
R7=0x60d1e728 is pointing into metadata
R8=0x61014000 is a thread
R9=0x00000004 is an unknown value
R10={method} {0x60d1e568} 'terminate' '()V' in 'com/diozero/ws281xj/rpiws281x/WS281xNative'
R11=0x614feadc is pointing into the stack for thread: 0x61014000
R12=0x627174f4: ws2811_fini+0 in /tmp/libws281xj2886745876142869930.so at 0x62715000
R13=0x614feac0 is pointing into the stack for thread: 0x61014000
R14=0x62716508: Java_com_diozero_ws281xj_rpiws281x_WS281xNative_terminate+0x1c in /tmp/libws281xj2886745876142869930.so at 0x62715000
R15=0x62717500: ws2811_fini+0xc in /tmp/libws281xj2886745876142869930.so at 0x62715000


Stack: [0x614b0000,0x61500000],  sp=0x614feac0,  free space=314k
Native frames: (J=compiled Java code, j=interpreted, Vv=VM code, C=native code)
C  [libws281xj2886745876142869930.so+0x2500]  ws2811_fini+0xc
j  com.diozero.ws281xj.rpiws281x.WS281xNative.terminate()V+0
j  com.diozero.ws281xj.rpiws281x.WS281x$$Lambda$205.run()V+0
j  java.lang.Thread.run()V+11
v  ~StubRoutines::call_stub
V  [libjvm.so+0x3019a8]
V  [libjvm.so+0x2fee90]
V  [libjvm.so+0x2ff41c]
V  [libjvm.so+0x346f7c]
V  [libjvm.so+0x577514]
V  [libjvm.so+0x5778c0]
V  [libjvm.so+0x482d08]
C  [libpthread.so.0+0x5fc4]  start_thread+0xb4
C  [libc.so.6+0xd1038]

Java frames: (J=compiled Java code, j=interpreted, Vv=VM code)
j  com.diozero.ws281xj.rpiws281x.WS281xNative.terminate()V+0
j  com.diozero.ws281xj.rpiws281x.WS281x$$Lambda$205.run()V+0
j  java.lang.Thread.run()V+11
v  ~StubRoutines::call_stub

---------------  P R O C E S S  ---------------

Java Threads: ( => current thread )
=>0x61014000 JavaThread "WS281x Shutdown Handler" [_thread_in_native, id=24011, stack(0x614b0000,0x61500000)]
  0x62e86800 JavaThread "process reaper" daemon [_thread_blocked, id=23908, stack(0x62260000,0x622b0000)]
  0x63701400 JavaThread "Attach Listener" daemon [_thread_blocked, id=23839, stack(0x61360000,0x613b0000)]
  0x61d66000 JavaThread "Thread-1" daemon [_thread_blocked, id=23815, stack(0x62210000,0x62260000)]
  0x62596800 JavaThread "FelixStartLevel" daemon [_thread_blocked, id=23812, stack(0x623b0000,0x62400000)]
  0x62595800 JavaThread "FelixFrameworkWiring" daemon [_thread_blocked, id=23811, stack(0x62933000,0x62983000)]
  0x62e7a800 JavaThread "FelixDispatchQueue" [_thread_blocked, id=23806, stack(0x6310a000,0x6315a000)]
  0x74f83800 JavaThread "Service Thread" daemon [_thread_blocked, id=23804, stack(0x63815000,0x63865000)]
  0x74f81800 JavaThread "C1 CompilerThread0" daemon [_thread_blocked, id=23803, stack(0x63680000,0x63700000)]
  0x74f80000 JavaThread "Signal Dispatcher" daemon [_thread_blocked, id=23802, stack(0x63d05000,0x63d55000)]
  0x74f66400 JavaThread "Finalizer" daemon [_thread_blocked, id=23801, stack(0x63d55000,0x63da5000)]
  0x74f63400 JavaThread "Reference Handler" daemon [_thread_blocked, id=23800, stack(0x63da5000,0x63df5000)]
  0x74f08000 JavaThread "main" [_thread_blocked, id=23798, stack(0x750c9000,0x75119000)]

Other Threads:
  0x74f5dc00 VMThread [stack: 0x63df6000,0x63e76000] [id=23799]
  0x74f85800 WatcherThread [stack: 0x63480000,0x63500000] [id=23805]

VM state:not at safepoint (normal execution)

VM Mutex/Monitor currently owned by a thread: None

Heap:
 def new generation   total 24256K, used 972K [0x64600000, 0x66050000, 0x69350000)
  eden space 21568K,   4% used [0x64600000, 0x646f32a8, 0x65b10000)
  from space 2688K,   0% used [0x65b10000, 0x65b10000, 0x65db0000)
  to   space 2688K,   0% used [0x65db0000, 0x65db0000, 0x66050000)
 tenured generation   total 53812K, used 32286K [0x69350000, 0x6c7dd000, 0x72e00000)
   the space 53812K,  59% used [0x69350000, 0x6b2d7ab8, 0x6b2d7c00, 0x6c7dd000)
 Metaspace       used 24398K, capacity 25179K, committed 25240K, reserved 25904K

Card table byte_map: [0x6458b000,0x64600000] byte_map_base: 0x64268000

Polling page: 0x76fa6000

CodeCache: size=32768Kb used=2940Kb max_used=5481Kb free=29827Kb
 bounds [0x72ec8000, 0x73428000, 0x74ec8000]
 total_blobs=1041 nmethods=832 adapters=140
 compilation: enabled

Compilation events (10 events):
Event: 199.668 Thread 0x74f81800 2886             java.util.HashMap::remove (26 bytes)
Event: 199.670 Thread 0x74f81800 nmethod 2886 0x73226fc8 code [0x732270e0, 0x73227244]
Event: 200.603 Thread 0x74f81800 2887   !         org.jline.utils.Curses::doTputs (2221 bytes)
Event: 200.760 Thread 0x74f81800 nmethod 2887 0x73333988 code [0x73334cc0, 0x7334c220]
Event: 200.836 Thread 0x74f81800 2888             org.jline.terminal.impl.ExecPty::doGetAttr (334 bytes)
Event: 200.844 Thread 0x74f81800 nmethod 2888 0x73225188 code [0x732254c0, 0x73226010]
Event: 200.875 Thread 0x74f81800 2889             lucee.runtime.reflection.pairs.MethodInstance::invoke (13 bytes)
Event: 200.876 Thread 0x74f81800 nmethod 2889 0x73224f08 code [0x73225000, 0x732250f0]
Event: 201.506 Thread 0x74f81800 2890   !         java.lang.ref.Reference::tryHandlePending (115 bytes)
Event: 201.508 Thread 0x74f81800 nmethod 2890 0x73224348 code [0x732244c0, 0x73224b08]

GC Heap History (10 events):
Event: 109.261 GC heap before
{Heap before GC invocations=47 (full 3):
 def new generation   total 17792K, used 16938K [0x64600000, 0x65940000, 0x69350000)
  eden space 15872K, 100% used [0x64600000, 0x65580000, 0x65580000)
  from space 1920K,  55% used [0x65760000, 0x6586aa28, 0x65940000)
  to   space 1920K,   0% used [0x65580000, 0x65580000, 0x65760000)
 tenured generation   total 39388K, used 35322K [0x69350000, 0x6b9c7000, 0x72e00000)
   the space 39388K,  89% used [0x69350000, 0x6b5ce8c8, 0x6b5cea00, 0x6b9c7000)
 Metaspace       used 20157K, capacity 20870K, committed 21016K, reserved 21808K
Event: 109.316 GC heap after
Heap after GC invocations=48 (full 3):
 def new generation   total 17792K, used 1891K [0x64600000, 0x65940000, 0x69350000)
  eden space 15872K,   0% used [0x64600000, 0x64600000, 0x65580000)
  from space 1920K,  98% used [0x65580000, 0x65758f70, 0x65760000)
  to   space 1920K,   0% used [0x65760000, 0x65760000, 0x65940000)
 tenured generation   total 39388K, used 35646K [0x69350000, 0x6b9c7000, 0x72e00000)
   the space 39388K,  90% used [0x69350000, 0x6b61f928, 0x6b61fa00, 0x6b9c7000)
 Metaspace       used 20157K, capacity 20870K, committed 21016K, reserved 21808K
}
Event: 136.483 GC heap before
{Heap before GC invocations=48 (full 3):
 def new generation   total 17792K, used 17763K [0x64600000, 0x65940000, 0x69350000)
  eden space 15872K, 100% used [0x64600000, 0x65580000, 0x65580000)
  from space 1920K,  98% used [0x65580000, 0x65758f70, 0x65760000)
  to   space 1920K,   0% used [0x65760000, 0x65760000, 0x65940000)
 tenured generation   total 39388K, used 35646K [0x69350000, 0x6b9c7000, 0x72e00000)
   the space 39388K,  90% used [0x69350000, 0x6b61f928, 0x6b61fa00, 0x6b9c7000)
 Metaspace       used 21486K, capacity 22187K, committed 22296K, reserved 22832K
Event: 136.515 GC heap after
Heap after GC invocations=49 (full 3):
 def new generation   total 17792K, used 1033K [0x64600000, 0x65940000, 0x69350000)
  eden space 15872K,   0% used [0x64600000, 0x64600000, 0x65580000)
  from space 1920K,  53% used [0x65760000, 0x658625a0, 0x65940000)
  to   space 1920K,   0% used [0x65580000, 0x65580000, 0x65760000)
 tenured generation   total 39388K, used 36693K [0x69350000, 0x6b9c7000, 0x72e00000)
   the space 39388K,  93% used [0x69350000, 0x6b725498, 0x6b725600, 0x6b9c7000)
 Metaspace       used 21486K, capacity 22187K, committed 22296K, reserved 22832K
}
Event: 159.218 GC heap before
{Heap before GC invocations=49 (full 3):
 def new generation   total 17792K, used 16905K [0x64600000, 0x65940000, 0x69350000)
  eden space 15872K, 100% used [0x64600000, 0x65580000, 0x65580000)
  from space 1920K,  53% used [0x65760000, 0x658625a0, 0x65940000)
  to   space 1920K,   0% used [0x65580000, 0x65580000, 0x65760000)
 tenured generation   total 39388K, used 36693K [0x69350000, 0x6b9c7000, 0x72e00000)
   the space 39388K,  93% used [0x69350000, 0x6b725498, 0x6b725600, 0x6b9c7000)
 Metaspace       used 22818K, capacity 23538K, committed 23704K, reserved 23856K
Event: 159.242 GC heap after
Heap after GC invocations=50 (full 3):
 def new generation   total 17792K, used 994K [0x64600000, 0x65940000, 0x69350000)
  eden space 15872K,   0% used [0x64600000, 0x64600000, 0x65580000)
  from space 1920K,  51% used [0x65580000, 0x65678968, 0x65760000)
  to   space 1920K,   0% used [0x65760000, 0x65760000, 0x65940000)
 tenured generation   total 39388K, used 36861K [0x69350000, 0x6b9c7000, 0x72e00000)
   the space 39388K,  93% used [0x69350000, 0x6b74f798, 0x6b74f800, 0x6b9c7000)
 Metaspace       used 22818K, capacity 23538K, committed 23704K, reserved 23856K
}
Event: 175.787 GC heap before
{Heap before GC invocations=50 (full 3):
 def new generation   total 17792K, used 16866K [0x64600000, 0x65940000, 0x69350000)
  eden space 15872K, 100% used [0x64600000, 0x65580000, 0x65580000)
  from space 1920K,  51% used [0x65580000, 0x65678968, 0x65760000)
  to   space 1920K,   0% used [0x65760000, 0x65760000, 0x65940000)
 tenured generation   total 39388K, used 36861K [0x69350000, 0x6b9c7000, 0x72e00000)
   the space 39388K,  93% used [0x69350000, 0x6b74f798, 0x6b74f800, 0x6b9c7000)
 Metaspace       used 23847K, capacity 24644K, committed 24728K, reserved 24880K
Event: 175.823 GC heap after
Heap after GC invocations=51 (full 3):
 def new generation   total 17792K, used 963K [0x64600000, 0x65940000, 0x69350000)
  eden space 15872K,   0% used [0x64600000, 0x64600000, 0x65580000)
  from space 1920K,  50% used [0x65760000, 0x65850f50, 0x65940000)
  to   space 1920K,   0% used [0x65580000, 0x65580000, 0x65760000)
 tenured generation   total 39388K, used 37076K [0x69350000, 0x6b9c7000, 0x72e00000)
   the space 39388K,  94% used [0x69350000, 0x6b7851b8, 0x6b785200, 0x6b9c7000)
 Metaspace       used 23847K, capacity 24644K, committed 24728K, reserved 24880K
}
Event: 200.895 GC heap before
{Heap before GC invocations=51 (full 3):
 def new generation   total 17792K, used 12563K [0x64600000, 0x65940000, 0x69350000)
  eden space 15872K,  73% used [0x64600000, 0x65153fe8, 0x65580000)
  from space 1920K,  50% used [0x65760000, 0x65850f50, 0x65940000)
  to   space 1920K,   0% used [0x65580000, 0x65580000, 0x65760000)
 tenured generation   total 39388K, used 37076K [0x69350000, 0x6b9c7000, 0x72e00000)
   the space 39388K,  94% used [0x69350000, 0x6b7851b8, 0x6b785200, 0x6b9c7000)
 Metaspace       used 24400K, capacity 25191K, committed 25240K, reserved 25904K
Event: 201.503 GC heap after
Heap after GC invocations=52 (full 4):
 def new generation   total 24256K, used 0K [0x64600000, 0x66050000, 0x69350000)
  eden space 21568K,   0% used [0x64600000, 0x64600000, 0x65b10000)
  from space 2688K,   0% used [0x65b10000, 0x65b10000, 0x65db0000)
  to   space 2688K,   0% used [0x65db0000, 0x65db0000, 0x66050000)
 tenured generation   total 53812K, used 32286K [0x69350000, 0x6c7dd000, 0x72e00000)
   the space 53812K,  59% used [0x69350000, 0x6b2d7ab8, 0x6b2d7c00, 0x6c7dd000)
 Metaspace       used 24396K, capacity 25179K, committed 25240K, reserved 25904K
}

Deoptimization events (0 events):
No events

Classes redefined (10 events):
Event: 176.736 Thread 0x74f5dc00 redefined class name=system.logging.logevent_cfc$cf, count=4
Event: 176.807 Thread 0x74f5dc00 redefined class name=system.core.conversion.xmlconverter_cfc$cf, count=4
Event: 176.860 Thread 0x74f5dc00 redefined class name=system.logging.abstractappender_cfc$cf, count=5
Event: 176.900 Thread 0x74f5dc00 redefined class name=system.logging.appenders.rollingfileappender_cfc$cf, count=5
Event: 176.953 Thread 0x74f5dc00 redefined class name=system.logging.appenders.fileappender_cfc$cf, count=5
Event: 177.014 Thread 0x74f5dc00 redefined class name=system.logging.util.filerotator_cfc$cf, count=5
Event: 178.073 Thread 0x74f5dc00 redefined class name=system.util.formatter_cfc$cf, count=5
Event: 178.270 Thread 0x74f5dc00 redefined class name=system.util.jline.commandhighlighter_cfc$cf, count=5
Event: 200.758 Thread 0x74f5dc00 redefined class name=system.util.jline.commandparser_cfc$cf, count=5
Event: 200.805 Thread 0x74f5dc00 redefined class name=system.util.jline.argumentlist_cfc$cf, count=5

Internal exceptions (10 events):
Event: 173.507 Thread 0x74f08000 Exception <a 'sun/nio/fs/UnixException'> (0x649cb8f8) thrown at [/build/openjdk-8-IgZr8b/openjdk-8-8u252-b09/src/hotspot/src/share/vm/prims/jni.cpp, line 710]
Event: 174.414 Thread 0x74f08000 Exception <a 'java/security/PrivilegedActionException'> (0x64d24280) thrown at [/build/openjdk-8-IgZr8b/openjdk-8-8u252-b09/src/hotspot/src/share/vm/prims/jvm.cpp, line 1502]
Event: 174.415 Thread 0x74f08000 Exception <a 'java/security/PrivilegedActionException'> (0x64d251a0) thrown at [/build/openjdk-8-IgZr8b/openjdk-8-8u252-b09/src/hotspot/src/share/vm/prims/jvm.cpp, line 1502]
Event: 174.415 Thread 0x74f08000 Exception <a 'java/security/PrivilegedActionException'> (0x64d275e8) thrown at [/build/openjdk-8-IgZr8b/openjdk-8-8u252-b09/src/hotspot/src/share/vm/prims/jvm.cpp, line 1502]
Event: 174.415 Thread 0x74f08000 Exception <a 'java/security/PrivilegedActionException'> (0x64d28508) thrown at [/build/openjdk-8-IgZr8b/openjdk-8-8u252-b09/src/hotspot/src/share/vm/prims/jvm.cpp, line 1502]
Event: 174.416 Thread 0x74f08000 Exception <a 'java/security/PrivilegedActionException'> (0x64d2a8c8) thrown at [/build/openjdk-8-IgZr8b/openjdk-8-8u252-b09/src/hotspot/src/share/vm/prims/jvm.cpp, line 1502]
Event: 174.416 Thread 0x74f08000 Exception <a 'java/security/PrivilegedActionException'> (0x64d2b7e8) thrown at [/build/openjdk-8-IgZr8b/openjdk-8-8u252-b09/src/hotspot/src/share/vm/prims/jvm.cpp, line 1502]
Event: 175.783 Thread 0x74f08000 Exception <a 'java/lang/reflect/InvocationTargetException'> (0x6555a2e8) thrown at [/build/openjdk-8-IgZr8b/openjdk-8-8u252-b09/src/hotspot/src/share/vm/runtime/reflection.cpp, line 1092]
Event: 200.817 Thread 0x74f08000 Exception <a 'sun/nio/fs/UnixException'> (0x6500a920) thrown at [/build/openjdk-8-IgZr8b/openjdk-8-8u252-b09/src/hotspot/src/share/vm/prims/jni.cpp, line 710]
Event: 200.872 Thread 0x74f08000 Exception <a 'sun/nio/fs/UnixException'> (0x65080e58) thrown at [/build/openjdk-8-IgZr8b/openjdk-8-8u252-b09/src/hotspot/src/share/vm/prims/jni.cpp, line 710]

Events (10 events):
Event: 201.503 Executing VM operation: GenCollectFull done
Event: 201.505 loading class java/util/WeakHashMap$KeyIterator
Event: 201.505 loading class java/util/WeakHashMap$HashIterator
Event: 201.505 loading class java/util/WeakHashMap$HashIterator done
Event: 201.506 loading class java/util/WeakHashMap$KeyIterator done
Event: 201.507 loading class java/util/IdentityHashMap$KeyIterator
Event: 201.508 loading class java/util/IdentityHashMap$IdentityHashMapIterator
Event: 201.508 loading class java/util/IdentityHashMap$IdentityHashMapIterator done
Event: 201.508 loading class java/util/IdentityHashMap$KeyIterator done
Event: 201.509 Thread 0x61014000 Thread added: 0x61014000


Dynamic libraries:
00010000-00011000 r-xp 00000000 b3:07 786453     /usr/lib/jvm/java-8-openjdk-armhf/jre/bin/java
00020000-00021000 r--p 00000000 b3:07 786453     /usr/lib/jvm/java-8-openjdk-armhf/jre/bin/java
00021000-00022000 rw-p 00001000 b3:07 786453     /usr/lib/jvm/java-8-openjdk-armhf/jre/bin/java
00c4f000-00cde000 rw-p 00000000 00:00 0          [heap]
60200000-602be000 rw-p 00000000 00:00 0 
602be000-60300000 ---p 00000000 00:00 0 
60300000-6038d000 rw-p 00000000 00:00 0 
6038d000-60400000 ---p 00000000 00:00 0 
60400000-60460000 rw-p 00000000 00:00 0 
60460000-60500000 ---p 00000000 00:00 0 
60500000-60600000 rw-p 00000000 00:00 0 
60600000-60700000 rw-p 00000000 00:00 0 
60700000-60800000 rw-p 00000000 00:00 0 
60800000-60900000 rw-p 00000000 00:00 0 
60900000-60a00000 rw-p 00000000 00:00 0 
60a00000-60b00000 rw-p 00000000 00:00 0 
60bb0000-60bb3000 ---p 00000000 00:00 0 
60bb3000-60d00000 rw-p 00000000 00:00 0 
60d00000-60e00000 rw-p 00000000 00:00 0 
60e00000-60f00000 rw-p 00000000 00:00 0 
60f00000-61000000 rw-p 00000000 00:00 0 
61000000-610fa000 rw-p 00000000 00:00 0 
610fa000-61100000 ---p 00000000 00:00 0 
61100000-611ff000 rw-p 00000000 00:00 0 
611ff000-61200000 ---p 00000000 00:00 0 
61200000-612db000 rw-p 00000000 00:00 0 
612db000-61300000 ---p 00000000 00:00 0 
61310000-61313000 ---p 00000000 00:00 0 
61313000-61360000 rw-p 00000000 00:00 0 
61360000-61363000 ---p 00000000 00:00 0 
61363000-614b0000 rw-p 00000000 00:00 0 
614b0000-614b3000 ---p 00000000 00:00 0 
614b3000-61600000 rw-p 00000000 00:00 0 
61600000-61700000 rw-p 00000000 00:00 0 
61700000-61800000 rw-p 00000000 00:00 0 
61800000-618fd000 rw-p 00000000 00:00 0 
618fd000-61900000 ---p 00000000 00:00 0 
61900000-61a00000 rw-p 00000000 00:00 0 
61a00000-61b00000 rw-p 00000000 00:00 0 
61b00000-61c00000 rw-p 00000000 00:00 0 
61c00000-61d00000 rw-p 00000000 00:00 0 
61d00000-61df9000 rw-p 00000000 00:00 0 
61df9000-61e00000 ---p 00000000 00:00 0 
61e00000-61f00000 rw-p 00000000 00:00 0 
61f00000-62000000 rw-p 00000000 00:00 0 
62000000-62100000 rw-p 00000000 00:00 0 
62100000-621fd000 rw-p 00000000 00:00 0 
621fd000-62200000 ---p 00000000 00:00 0 
62210000-62213000 ---p 00000000 00:00 0 
62213000-62260000 rw-p 00000000 00:00 0 
62260000-62263000 ---p 00000000 00:00 0 
62263000-623b0000 rw-p 00000000 00:00 0 
623b0000-623b3000 ---p 00000000 00:00 0 
623b3000-62400000 rw-p 00000000 00:00 0 
62400000-624ff000 rw-p 00000000 00:00 0 
624ff000-62500000 ---p 00000000 00:00 0 
62500000-625ff000 rw-p 00000000 00:00 0 
625ff000-62600000 ---p 00000000 00:00 0 
62600000-62700000 rw-p 00000000 00:00 0 
62715000-62719000 r-xp 00000000 b3:07 655572     /tmp/libws281xj2886745876142869930.so
62719000-62728000 ---p 00004000 b3:07 655572     /tmp/libws281xj2886745876142869930.so
62728000-62729000 rw-p 00003000 b3:07 655572     /tmp/libws281xj2886745876142869930.so
62729000-62800000 r--s 007c2000 b3:07 263068     /home/pi/.CommandBox/engine/cfml/cli/lucee-server/felix-cache/bundle60/version0.0/bundle.jar
62800000-628ff000 rw-p 00000000 00:00 0 
628ff000-62900000 ---p 00000000 00:00 0 
62906000-6290f000 r-xp 00000000 b3:07 801392     /usr/lib/jvm/java-8-openjdk-armhf/jre/lib/arm/libinstrument.so
6290f000-6291e000 ---p 00009000 b3:07 801392     /usr/lib/jvm/java-8-openjdk-armhf/jre/lib/arm/libinstrument.so
6291e000-6291f000 r--p 00008000 b3:07 801392     /usr/lib/jvm/java-8-openjdk-armhf/jre/lib/arm/libinstrument.so
6291f000-62920000 rw-p 00009000 b3:07 801392     /usr/lib/jvm/java-8-openjdk-armhf/jre/lib/arm/libinstrument.so
62933000-62936000 ---p 00000000 00:00 0 
62936000-62983000 rw-p 00000000 00:00 0 
62983000-62989000 r--s 0005b000 b3:07 262748     /home/pi/.CommandBox/engine/cfml/cli/lucee-server/felix-cache/bundle18/version0.0/bundle.jar
62989000-62991000 r--s 00030000 b3:07 262718     /home/pi/.CommandBox/engine/cfml/cli/lucee-server/felix-cache/bundle12/version0.0/bundle.jar
62991000-6299f000 r--s 00081000 b3:07 263093     /home/pi/.CommandBox/engine/cfml/cli/lucee-server/felix-cache/bundle63/version0.0/bundle.jar
6299f000-629a1000 r--s 00015000 b3:07 262813     /home/pi/.CommandBox/engine/cfml/cli/lucee-server/felix-cache/bundle31/version0.0/bundle.jar
629a1000-629a4000 r--s 00017000 b3:07 262773     /home/pi/.CommandBox/engine/cfml/cli/lucee-server/felix-cache/bundle23/version0.0/bundle.jar
629a4000-629a6000 r--s 0000d000 b3:07 262678     /home/pi/.CommandBox/engine/cfml/cli/lucee-server/felix-cache/bundle4/version0.0/bundle.jar
629a6000-629ad000 r--s 00029000 b3:07 262723     /home/pi/.CommandBox/engine/cfml/cli/lucee-server/felix-cache/bundle13/version0.0/bundle.jar
629ad000-629b1000 r--s 00029000 b3:07 262803     /home/pi/.CommandBox/engine/cfml/cli/lucee-server/felix-cache/bundle29/version0.0/bundle.jar
629b1000-629b3000 r--s 00008000 b3:07 262818     /home/pi/.CommandBox/engine/cfml/cli/lucee-server/felix-cache/bundle32/version0.0/bundle.jar
629b3000-629b4000 r--s 00004000 b3:07 263055     /home/pi/.CommandBox/engine/cfml/cli/lucee-server/felix-cache/bundle58/version0.0/bundle.jar
629b4000-629b7000 r--s 00021000 b3:07 263136     /home/pi/.CommandBox/engine/cfml/cli/lucee-server/felix-cache/bundle69/version0.0/bundle.jar
629b7000-629bb000 r--s 0001d000 b3:07 263223     /home/pi/.CommandBox/engine/cfml/cli/lucee-server/felix-cache/bundle81/version0.0/bundle.jar
629bb000-629c4000 r--s 0006f000 b3:07 262768     /home/pi/.CommandBox/engine/cfml/cli/lucee-server/felix-cache/bundle22/version0.0/bundle.jar
629c4000-629c6000 r--s 00007000 b3:07 263248     /home/pi/.CommandBox/engine/cfml/cli/lucee-server/felix-cache/bundle86/version0.0/bundle.jar
629c6000-629cd000 r--s 00047000 b3:07 263029     /home/pi/.CommandBox/engine/cfml/cli/lucee-server/felix-cache/bundle53/version0.0/bundle.jar
629cd000-629d0000 r--s 0001c000 b3:07 263171     /home/pi/.CommandBox/engine/cfml/cli/lucee-server/felix-cache/bundle76/version0.0/bundle.jar
629d0000-629d8000 r--s 00086000 b3:07 262778     /home/pi/.CommandBox/engine/cfml/cli/lucee-server/felix-cache/bundle24/version0.0/bundle.jar
629d8000-629da000 r--s 0000c000 b3:07 263146     /home/pi/.CommandBox/engine/cfml/cli/lucee-server/felix-cache/bundle71/version0.0/bundle.jar
629da000-629e8000 r--s 000b1000 b3:07 263050     /home/pi/.CommandBox/engine/cfml/cli/lucee-server/felix-cache/bundle57/version0.0/bundle.jar
629e8000-629eb000 r--s 00026000 b3:07 263619     /home/pi/.CommandBox/engine/cfml/cli/lucee-server/felix-cache/bundle91/version0.0/bundle.jar
629eb000-629f1000 r--s 00068000 b3:07 263098     /home/pi/.CommandBox/engine/cfml/cli/lucee-server/felix-cache/bundle64/version0.0/bundle.jar
629f1000-629fe000 r--s 00088000 b3:07 262783     /home/pi/.CommandBox/engine/cfml/cli/lucee-server/felix-cache/bundle25/version0.0/bundle.jar
629fe000-62a00000 r--s 00004000 b3:07 263233     /home/pi/.CommandBox/engine/cfml/cli/lucee-server/felix-cache/bundle83/version0.0/bundle.jar
62a00000-62a08000 r--s 0008c000 b3:07 263108     /home/pi/.CommandBox/engine/cfml/cli/lucee-server/felix-cache/bundle66/version0.0/bundle.jar
62a08000-62a0a000 r--s 000e7000 b3:07 263441     /home/pi/.CommandBox/engine/cfml/cli/lucee-server/felix-cache/bundle88/version0.0/bundle.jar
62a0a000-62a12000 r--s 00049000 b3:07 262848     /home/pi/.CommandBox/engine/cfml/cli/lucee-server/felix-cache/bundle38/version0.0/bundle.jar
62a12000-62a14000 r--s 00005000 b3:07 262838     /home/pi/.CommandBox/engine/cfml/cli/lucee-server/felix-cache/bundle36/version0.0/bundle.jar
62a14000-62a15000 r--s 00004000 b3:07 262808     /home/pi/.CommandBox/engine/cfml/cli/lucee-server/felix-cache/bundle30/version0.0/bundle.jar
62a15000-62a16000 r--s 00009000 b3:07 262728     /home/pi/.CommandBox/engine/cfml/cli/lucee-server/felix-cache/bundle14/version0.0/bundle.jar
62a16000-62a31000 r--s 001c0000 b3:07 263040     /home/pi/.CommandBox/engine/cfml/cli/lucee-server/felix-cache/bundle55/version0.0/bundle.jar
62a31000-62a39000 r--s 00097000 b3:07 262788     /home/pi/.CommandBox/engine/cfml/cli/lucee-server/felix-cache/bundle26/version0.0/bundle.jar
62a39000-62a3b000 r--s 00014000 b3:07 262693     /home/pi/.CommandBox/engine/cfml/cli/lucee-server/felix-cache/bundle7/version0.0/bundle.jar
62a3b000-62a3c000 r--s 00007000 b3:07 262828     /home/pi/.CommandBox/engine/cfml/cli/lucee-server/felix-cache/bundle34/version0.0/bundle.jar
62a3c000-62a3e000 r--s 00015000 b3:07 263176     /home/pi/.CommandBox/engine/cfml/cli/lucee-server/felix-cache/bundle77/version0.0/bundle.jar
62a3e000-62a40000 r--s 0000e000 b3:07 262668     /home/pi/.CommandBox/engine/cfml/cli/lucee-server/felix-cache/bundle2/version0.0/bundle.jar
62a40000-62a42000 r--s 0000f000 b3:07 263018     /home/pi/.CommandBox/engine/cfml/cli/lucee-server/felix-cache/bundle51/version0.0/bundle.jar
62a42000-62a47000 r--s 00040000 b3:07 262683     /home/pi/.CommandBox/engine/cfml/cli/lucee-server/felix-cache/bundle5/version0.0/bundle.jar
62a47000-62a48000 r--s 00001000 b3:07 263151     /home/pi/.CommandBox/engine/cfml/cli/lucee-server/felix-cache/bundle72/version0.0/bundle.jar
62a48000-62a4b000 r--s 00011000 b3:07 263238     /home/pi/.CommandBox/engine/cfml/cli/lucee-server/felix-cache/bundle84/version0.0/bundle.jar
62a4b000-62a8b000 r--s 0025e000 b3:07 263023     /home/pi/.CommandBox/engine/cfml/cli/lucee-server/felix-cache/bundle52/version0.0/bundle.jar
62a8b000-62ad2000 r--s 00901000 b3:07 262888     /home/pi/.CommandBox/engine/cfml/cli/lucee-server/felix-cache/bundle46/version0.0/bundle.jar
62ad2000-62ad4000 r--s 00007000 b3:07 263228     /home/pi/.CommandBox/engine/cfml/cli/lucee-server/felix-cache/bundle82/version0.0/bundle.jar
62ad4000-62ad5000 r--s 0000b000 b3:07 262763     /home/pi/.CommandBox/engine/cfml/cli/lucee-server/felix-cache/bundle21/version0.0/bundle.jar
62ad5000-62ae3000 r--s 000be000 b3:07 263131     /home/pi/.CommandBox/engine/cfml/cli/lucee-server/felix-cache/bundle68/version0.0/bundle.jar
62ae3000-62af0000 r--s 000ae000 b3:07 262673     /home/pi/.CommandBox/engine/cfml/cli/lucee-server/felix-cache/bundle3/version0.0/bundle.jar
62af0000-62af6000 r--s 0003f000 b3:07 262663     /home/pi/.CommandBox/engine/cfml/cli/lucee-server/felix-cache/bundle1/version0.0/bundle.jar
62af6000-62af8000 r--s 00018000 b3:07 263213     /home/pi/.CommandBox/engine/cfml/cli/lucee-server/felix-cache/bundle79/version0.0/bundle.jar
62af8000-62af9000 r--s 00004000 b3:07 262753     /home/pi/.CommandBox/engine/cfml/cli/lucee-server/felix-cache/bundle19/version0.0/bundle.jar
62af9000-62afb000 r--s 00012000 b3:07 262863     /home/pi/.CommandBox/engine/cfml/cli/lucee-server/felix-cache/bundle41/version0.0/bundle.jar
62afb000-62afc000 r--s 0001b000 b3:07 263156     /home/pi/.CommandBox/engine/cfml/cli/lucee-server/felix-cache/bundle73/version0.0/bundle.jar
62afc000-62afe000 r--s 0000e000 b3:07 262843     /home/pi/.CommandBox/engine/cfml/cli/lucee-server/felix-cache/bundle37/version0.0/bundle.jar
62afe000-62b03000 r--s 00041000 b3:07 262738     /home/pi/.CommandBox/engine/cfml/cli/lucee-server/felix-cache/bundle16/version0.0/bundle.jar
62b03000-62b07000 r--s 00022000 b3:07 262873     /home/pi/.CommandBox/engine/cfml/cli/lucee-server/felix-cache/bundle43/version0.0/bundle.jar
62b07000-62b08000 r--s 00004000 b3:07 263161     /home/pi/.CommandBox/engine/cfml/cli/lucee-server/felix-cache/bundle74/version0.0/bundle.jar
62b08000-62b0a000 r--s 0000d000 b3:07 263063     /home/pi/.CommandBox/engine/cfml/cli/lucee-server/felix-cache/bundle59/version0.0/bundle.jar
62b0a000-62b0b000 r--s 00011000 b3:07 262713     /home/pi/.CommandBox/engine/cfml/cli/lucee-server/felix-cache/bundle11/version0.0/bundle.jar
62b0b000-62b0d000 r--s 00009000 b3:07 262743     /home/pi/.CommandBox/engine/cfml/cli/lucee-server/felix-cache/bundle17/version0.0/bundle.jar
62b0d000-62b0f000 r--s 000cd000 b3:07 263446     /home/pi/.CommandBox/engine/cfml/cli/lucee-server/felix-cache/bundle89/version0.0/bundle.jar
62b0f000-62b11000 r--s 00019000 b3:07 263126     /home/pi/.CommandBox/engine/cfml/cli/lucee-server/felix-cache/bundle67/version0.0/bundle.jar
62b11000-62b18000 r--s 0003a000 b3:07 262758     /home/pi/.CommandBox/engine/cfml/cli/lucee-server/felix-cache/bundle20/version0.0/bundle.jar
62b18000-62b1a000 r--s 0001b000 b3:07 262878     /home/pi/.CommandBox/engine/cfml/cli/lucee-server/felix-cache/bundle44/version0.0/bundle.jar
62b1a000-62b23000 r--s 000a3000 b3:07 262793     /home/pi/.CommandBox/engine/cfml/cli/lucee-server/felix-cache/bundle27/version0.0/bundle.jar
62b23000-62b25000 r--s 0001d000 b3:07 262858     /home/pi/.CommandBox/engine/cfml/cli/lucee-server/felix-cache/bundle40/version0.0/bundle.jar
62b25000-62b2c000 r--s 00048000 b3:07 262798     /home/pi/.CommandBox/engine/cfml/cli/lucee-server/felix-cache/bundle28/version0.0/bundle.jar
62b2c000-62b2d000 r--s 00014000 b3:07 262853     /home/pi/.CommandBox/engine/cfml/cli/lucee-server/felix-cache/bundle39/version0.0/bundle.jar
62b2d000-62b32000 r--s 00046000 b3:07 263243     /home/pi/.CommandBox/engine/cfml/cli/lucee-server/felix-cache/bundle85/version0.0/bundle.jar
62b32000-62b38000 r--s 0005b000 b3:07 263753     /home/pi/.CommandBox/engine/cfml/cli/lucee-server/felix-cache/bundle93/version0.0/bundle.jar
62b38000-62b39000 r--s 00006000 b3:07 262823     /home/pi/.CommandBox/engine/cfml/cli/lucee-server/felix-cache/bundle33/version0.0/bundle.jar
62b39000-62b3d000 r--s 00035000 b3:07 263045     /home/pi/.CommandBox/engine/cfml/cli/lucee-server/felix-cache/bundle56/version0.0/bundle.jar
62b3d000-62b4a000 r--s 000a8000 b3:07 263035     /home/pi/.CommandBox/engine/cfml/cli/lucee-server/felix-cache/bundle54/version0.0/bundle.jar
62b4a000-62b51000 r--s 00055000 b3:07 262733     /home/pi/.CommandBox/engine/cfml/cli/lucee-server/felix-cache/bundle15/version0.0/bundle.jar
62b51000-62b57000 r--s 00048000 b3:07 263103     /home/pi/.CommandBox/engine/cfml/cli/lucee-server/felix-cache/bundle65/version0.0/bundle.jar
62b57000-62b59000 r--s 00008000 b3:07 263614     /home/pi/.CommandBox/engine/cfml/cli/lucee-server/felix-cache/bundle90/version0.0/bundle.jar
62b59000-62b65000 r--s 00307000 b3:07 263181     /home/pi/.CommandBox/engine/cfml/cli/lucee-server/felix-cache/bundle78/version0.0/bundle.jar
62b65000-62b6a000 r--s 00030000 b3:07 262688     /home/pi/.CommandBox/engine/cfml/cli/lucee-server/felix-cache/bundle6/version0.0/bundle.jar
62b6a000-62b7f000 r--s 00177000 b3:07 263218     /home/pi/.CommandBox/engine/cfml/cli/lucee-server/felix-cache/bundle80/version0.0/bundle.jar
62b7f000-62bc0000 r--s 00389000 b3:07 263088     /home/pi/.CommandBox/engine/cfml/cli/lucee-server/felix-cache/bundle62/version0.0/bundle.jar
62bc0000-62bc3000 ---p 00000000 00:00 0 
62bc3000-62c10000 rw-p 00000000 00:00 0 
62c10000-62c13000 ---p 00000000 00:00 0 
62c13000-62c60000 rw-p 00000000 00:00 0 
62c60000-62c63000 ---p 00000000 00:00 0 
62c63000-62cb0000 rw-p 00000000 00:00 0 
62cb0000-62cb3000 ---p 00000000 00:00 0 
62cb3000-62e00000 rw-p 00000000 00:00 0 
62e00000-62f00000 rw-p 00000000 00:00 0 
62f00000-62f06000 r--s 00135000 b3:07 263436     /home/pi/.CommandBox/engine/cfml/cli/lucee-server/felix-cache/bundle87/version0.0/bundle.jar
62f06000-62f09000 r--s 00014000 b3:07 263141     /home/pi/.CommandBox/engine/cfml/cli/lucee-server/felix-cache/bundle70/version0.0/bundle.jar
62f09000-62f15000 r--s 000ba000 b3:07 263166     /home/pi/.CommandBox/engine/cfml/cli/lucee-server/felix-cache/bundle75/version0.0/bundle.jar
63000000-630fd000 rw-p 00000000 00:00 0 
630fd000-63100000 ---p 00000000 00:00 0 
63100000-63102000 r--s 00005000 b3:07 263748     /home/pi/.CommandBox/engine/cfml/cli/lucee-server/felix-cache/bundle92/version0.0/bundle.jar
63102000-63104000 r--s 00002000 b3:07 262698     /home/pi/.CommandBox/engine/cfml/cli/lucee-server/felix-cache/bundle8/version0.0/bundle.jar
63104000-63107000 r--s 00007000 b3:07 262703     /home/pi/.CommandBox/engine/cfml/cli/lucee-server/felix-cache/bundle9/version0.0/bundle.jar
63107000-6310a000 r--s 00023000 b3:07 263083     /home/pi/.CommandBox/engine/cfml/cli/lucee-server/felix-cache/bundle61/version0.0/bundle.jar
6310a000-6310d000 ---p 00000000 00:00 0 
6310d000-6315a000 rw-p 00000000 00:00 0 
6316b000-6316c000 r--s 00000000 b3:07 264920     /home/pi/.CommandBox/engine/cfml/cli/lucee-server/context/lucee-external-agent.jar
6316c000-6316e000 r--s 00003000 b3:07 264919     /home/pi/.CommandBox/engine/cfml/cli/lucee-server/context/tools-linux-7u25.jar
6316e000-6316f000 r--p 00000000 00:00 0 
6316f000-63170000 r--p 00000000 b3:07 1702406    /usr/share/locale/en_GB/LC_MESSAGES/libc.mo
63170000-63175000 r--s 002f9000 b3:07 801416     /usr/lib/jvm/java-8-openjdk-armhf/jre/lib/charsets.jar
63175000-63188000 r--s 00346000 b3:07 801449     /usr/lib/jvm/java-8-openjdk-armhf/jre/lib/resources.jar
63188000-63190000 r-xp 00000000 b3:07 801406     /usr/lib/jvm/java-8-openjdk-armhf/jre/lib/arm/libmanagement.so
63190000-6319f000 ---p 00008000 b3:07 801406     /usr/lib/jvm/java-8-openjdk-armhf/jre/lib/arm/libmanagement.so
6319f000-631a0000 r--p 00007000 b3:07 801406     /usr/lib/jvm/java-8-openjdk-armhf/jre/lib/arm/libmanagement.so
631a0000-631a1000 rw-p 00008000 b3:07 801406     /usr/lib/jvm/java-8-openjdk-armhf/jre/lib/arm/libmanagement.so
63200000-632fa000 rw-p 00000000 00:00 0 
632fa000-63300000 ---p 00000000 00:00 0 
63300000-63333000 rw-p 00000000 00:00 0 
63333000-63400000 ---p 00000000 00:00 0 
63400000-63401000 r--s 00005000 b3:07 262708     /home/pi/.CommandBox/engine/cfml/cli/lucee-server/felix-cache/bundle10/version0.0/bundle.jar
63401000-63403000 r--s 0000c000 b3:07 262833     /home/pi/.CommandBox/engine/cfml/cli/lucee-server/felix-cache/bundle35/version0.0/bundle.jar
6347f000-63480000 ---p 00000000 00:00 0 
63480000-63500000 rw-p 00000000 00:00 0 
63500000-635fd000 rw-p 00000000 00:00 0 
635fd000-63600000 ---p 00000000 00:00 0 
63600000-63601000 r--s 00000000 b3:07 262883     /home/pi/.CommandBox/engine/cfml/cli/lucee-server/felix-cache/bundle45/version0.0/bundle.jar
63601000-63626000 r-xp 00000000 b3:07 801412     /usr/lib/jvm/java-8-openjdk-armhf/jre/lib/arm/libsunec.so
63626000-63635000 ---p 00025000 b3:07 801412     /usr/lib/jvm/java-8-openjdk-armhf/jre/lib/arm/libsunec.so
63635000-63637000 r--p 00024000 b3:07 801412     /usr/lib/jvm/java-8-openjdk-armhf/jre/lib/arm/libsunec.so
63637000-63638000 rw-p 00026000 b3:07 801412     /usr/lib/jvm/java-8-openjdk-armhf/jre/lib/arm/libsunec.so
63638000-6364e000 r-xp 00000000 b3:07 801408     /usr/lib/jvm/java-8-openjdk-armhf/jre/lib/arm/libnet.so
6364e000-6365d000 ---p 00016000 b3:07 801408     /usr/lib/jvm/java-8-openjdk-armhf/jre/lib/arm/libnet.so
6365d000-6365e000 r--p 00015000 b3:07 801408     /usr/lib/jvm/java-8-openjdk-armhf/jre/lib/arm/libnet.so
6365e000-6365f000 rw-p 00016000 b3:07 801408     /usr/lib/jvm/java-8-openjdk-armhf/jre/lib/arm/libnet.so
6365f000-6366e000 r-xp 00000000 b3:07 801409     /usr/lib/jvm/java-8-openjdk-armhf/jre/lib/arm/libnio.so
6366e000-6367d000 ---p 0000f000 b3:07 801409     /usr/lib/jvm/java-8-openjdk-armhf/jre/lib/arm/libnio.so
6367d000-6367e000 r--p 0000e000 b3:07 801409     /usr/lib/jvm/java-8-openjdk-armhf/jre/lib/arm/libnio.so
6367e000-6367f000 rw-p 0000f000 b3:07 801409     /usr/lib/jvm/java-8-openjdk-armhf/jre/lib/arm/libnio.so
6367f000-63683000 ---p 00000000 00:00 0 
63683000-63700000 rw-p 00000000 00:00 0 
63700000-63724000 rw-p 00000000 00:00 0 
63724000-63800000 ---p 00000000 00:00 0 
63800000-63801000 r--s 00001000 b3:07 262868     /home/pi/.CommandBox/engine/cfml/cli/lucee-server/felix-cache/bundle42/version0.0/bundle.jar
63815000-63818000 ---p 00000000 00:00 0 
63818000-63865000 rw-p 00000000 00:00 0 
63865000-63a00000 r--p 00000000 b3:07 796376     /usr/lib/locale/locale-archive
63a00000-63a21000 rw-p 00000000 00:00 0 
63a21000-63b00000 ---p 00000000 00:00 0 
63b00000-63b21000 rw-p 00000000 00:00 0 
63b21000-63c00000 ---p 00000000 00:00 0 
63c00000-63c60000 rw-p 00000000 00:00 0 
63c60000-63d00000 ---p 00000000 00:00 0 
63d05000-63d08000 ---p 00000000 00:00 0 
63d08000-63d55000 rw-p 00000000 00:00 0 
63d55000-63d58000 ---p 00000000 00:00 0 
63d58000-63da5000 rw-p 00000000 00:00 0 
63da5000-63da8000 ---p 00000000 00:00 0 
63da8000-63df5000 rw-p 00000000 00:00 0 
63df5000-63df6000 ---p 00000000 00:00 0 
63df6000-63ec4000 rw-p 00000000 00:00 0 
63ec4000-64096000 r--s 03ca5000 b3:07 801450     /usr/lib/jvm/java-8-openjdk-armhf/jre/lib/rt.jar
64096000-64537000 rw-p 00000000 00:00 0 
64537000-6453d000 ---p 00000000 00:00 0 
6453d000-64558000 rw-p 00000000 00:00 0 
64558000-6458b000 ---p 00000000 00:00 0 
6458b000-64599000 rw-p 00000000 00:00 0 
64599000-645b1000 ---p 00000000 00:00 0 
645b1000-645cc000 rw-p 00000000 00:00 0 
645cc000-645ff000 ---p 00000000 00:00 0 
645ff000-66050000 rw-p 00000000 00:00 0 
66050000-69350000 ---p 00000000 00:00 0 
69350000-6c7dd000 rw-p 00000000 00:00 0 
6c7dd000-72e00000 ---p 00000000 00:00 0 
72e0b000-72e0d000 r--s 00016000 b3:07 801443     /usr/lib/jvm/java-8-openjdk-armhf/jre/lib/jce.jar
72e0d000-72e12000 r--s 000a7000 b3:07 801445     /usr/lib/jvm/java-8-openjdk-armhf/jre/lib/jsse.jar
72e12000-72e2d000 r--s 001d6000 b3:07 801429     /usr/lib/jvm/java-8-openjdk-armhf/jre/lib/ext/nashorn.jar
72e2d000-72e48000 r--s 00394000 b3:07 801424     /usr/lib/jvm/java-8-openjdk-armhf/jre/lib/ext/cldrdata.jar
72e48000-72e5e000 rw-p 00000000 00:00 0 
72e5e000-72ec8000 ---p 00000000 00:00 0 
72ec8000-73428000 rwxp 00000000 00:00 0 
73428000-74ec8000 ---p 00000000 00:00 0 
74ec8000-74ecf000 r-xp 00000000 b3:07 801415     /usr/lib/jvm/java-8-openjdk-armhf/jre/lib/arm/libzip.so
74ecf000-74ede000 ---p 00007000 b3:07 801415     /usr/lib/jvm/java-8-openjdk-armhf/jre/lib/arm/libzip.so
74ede000-74edf000 r--p 00006000 b3:07 801415     /usr/lib/jvm/java-8-openjdk-armhf/jre/lib/arm/libzip.so
74edf000-74ee0000 rw-p 00007000 b3:07 801415     /usr/lib/jvm/java-8-openjdk-armhf/jre/lib/arm/libzip.so
74ee0000-74ee9000 r-xp 00000000 b3:07 1308495    /lib/arm-linux-gnueabihf/libnss_files-2.24.so
74ee9000-74ef8000 ---p 00009000 b3:07 1308495    /lib/arm-linux-gnueabihf/libnss_files-2.24.so
74ef8000-74ef9000 r--p 00008000 b3:07 1308495    /lib/arm-linux-gnueabihf/libnss_files-2.24.so
74ef9000-74efa000 rw-p 00009000 b3:07 1308495    /lib/arm-linux-gnueabihf/libnss_files-2.24.so
74efa000-74f00000 rw-p 00000000 00:00 0 
74f00000-74ffb000 rw-p 00000000 00:00 0 
74ffb000-75000000 ---p 00000000 00:00 0 
75000000-75002000 r--s 0490f000 b3:07 786137     /usr/local/bin/box
75002000-7500c000 r--s 00116000 b3:07 801428     /usr/lib/jvm/java-8-openjdk-armhf/jre/lib/ext/localedata.jar
7500c000-75015000 r-xp 00000000 b3:07 1308501    /lib/arm-linux-gnueabihf/libnss_nis-2.24.so
75015000-75024000 ---p 00009000 b3:07 1308501    /lib/arm-linux-gnueabihf/libnss_nis-2.24.so
75024000-75025000 r--p 00008000 b3:07 1308501    /lib/arm-linux-gnueabihf/libnss_nis-2.24.so
75025000-75026000 rw-p 00009000 b3:07 1308501    /lib/arm-linux-gnueabihf/libnss_nis-2.24.so
75026000-75037000 r-xp 00000000 b3:07 1308490    /lib/arm-linux-gnueabihf/libnsl-2.24.so
75037000-75046000 ---p 00011000 b3:07 1308490    /lib/arm-linux-gnueabihf/libnsl-2.24.so
75046000-75047000 r--p 00010000 b3:07 1308490    /lib/arm-linux-gnueabihf/libnsl-2.24.so
75047000-75048000 rw-p 00011000 b3:07 1308490    /lib/arm-linux-gnueabihf/libnsl-2.24.so
75048000-7504a000 rw-p 00000000 00:00 0 
7504a000-75050000 r-xp 00000000 b3:07 1308491    /lib/arm-linux-gnueabihf/libnss_compat-2.24.so
75050000-7505f000 ---p 00006000 b3:07 1308491    /lib/arm-linux-gnueabihf/libnss_compat-2.24.so
7505f000-75060000 r--p 00005000 b3:07 1308491    /lib/arm-linux-gnueabihf/libnss_compat-2.24.so
75060000-75061000 rw-p 00006000 b3:07 1308491    /lib/arm-linux-gnueabihf/libnss_compat-2.24.so
75061000-75082000 r-xp 00000000 b3:07 801397     /usr/lib/jvm/java-8-openjdk-armhf/jre/lib/arm/libjava.so
75082000-75091000 ---p 00021000 b3:07 801397     /usr/lib/jvm/java-8-openjdk-armhf/jre/lib/arm/libjava.so
75091000-75092000 r--p 00020000 b3:07 801397     /usr/lib/jvm/java-8-openjdk-armhf/jre/lib/arm/libjava.so
75092000-75093000 rw-p 00021000 b3:07 801397     /usr/lib/jvm/java-8-openjdk-armhf/jre/lib/arm/libjava.so
75093000-750a0000 r-xp 00000000 b3:07 801414     /usr/lib/jvm/java-8-openjdk-armhf/jre/lib/arm/libverify.so
750a0000-750af000 ---p 0000d000 b3:07 801414     /usr/lib/jvm/java-8-openjdk-armhf/jre/lib/arm/libverify.so
750af000-750b0000 r--p 0000c000 b3:07 801414     /usr/lib/jvm/java-8-openjdk-armhf/jre/lib/arm/libverify.so
750b0000-750b1000 rw-p 0000d000 b3:07 801414     /usr/lib/jvm/java-8-openjdk-armhf/jre/lib/arm/libverify.so
750b1000-750b7000 r-xp 00000000 b3:07 1308527    /lib/arm-linux-gnueabihf/librt-2.24.so
750b7000-750c6000 ---p 00006000 b3:07 1308527    /lib/arm-linux-gnueabihf/librt-2.24.so
750c6000-750c7000 r--p 00005000 b3:07 1308527    /lib/arm-linux-gnueabihf/librt-2.24.so
750c7000-750c8000 rw-p 00006000 b3:07 1308527    /lib/arm-linux-gnueabihf/librt-2.24.so
750c8000-750cc000 ---p 00000000 00:00 0 
750cc000-75119000 rw-p 00000000 00:00 0 
75119000-75135000 r-xp 00000000 b3:07 1308470    /lib/arm-linux-gnueabihf/libgcc_s.so.1
75135000-75144000 ---p 0001c000 b3:07 1308470    /lib/arm-linux-gnueabihf/libgcc_s.so.1
75144000-75145000 r--p 0001b000 b3:07 1308470    /lib/arm-linux-gnueabihf/libgcc_s.so.1
75145000-75146000 rw-p 0001c000 b3:07 1308470    /lib/arm-linux-gnueabihf/libgcc_s.so.1
75146000-751b3000 r-xp 00000000 b3:07 1308476    /lib/arm-linux-gnueabihf/libm-2.24.so
751b3000-751c3000 ---p 0006d000 b3:07 1308476    /lib/arm-linux-gnueabihf/libm-2.24.so
751c3000-751c4000 r--p 0006d000 b3:07 1308476    /lib/arm-linux-gnueabihf/libm-2.24.so
751c4000-751c5000 rw-p 0006e000 b3:07 1308476    /lib/arm-linux-gnueabihf/libm-2.24.so
751c5000-752f4000 r-xp 00000000 b3:07 785511     /usr/lib/arm-linux-gnueabihf/libstdc++.so.6.0.22
752f4000-75304000 ---p 0012f000 b3:07 785511     /usr/lib/arm-linux-gnueabihf/libstdc++.so.6.0.22
75304000-75309000 r--p 0012f000 b3:07 785511     /usr/lib/arm-linux-gnueabihf/libstdc++.so.6.0.22
75309000-7530b000 rw-p 00134000 b3:07 785511     /usr/lib/arm-linux-gnueabihf/libstdc++.so.6.0.22
7530b000-7530d000 rw-p 00000000 00:00 0 
7530d000-7593e000 r-xp 00000000 b3:07 801381     /usr/lib/jvm/java-8-openjdk-armhf/jre/lib/arm/client/libjvm.so
7593e000-7594e000 ---p 00631000 b3:07 801381     /usr/lib/jvm/java-8-openjdk-armhf/jre/lib/arm/client/libjvm.so
7594e000-7595e000 r--p 00631000 b3:07 801381     /usr/lib/jvm/java-8-openjdk-armhf/jre/lib/arm/client/libjvm.so
7595e000-75976000 rw-p 00641000 b3:07 801381     /usr/lib/jvm/java-8-openjdk-armhf/jre/lib/arm/client/libjvm.so
75976000-76d91000 rw-p 00000000 00:00 0 
76d91000-76ebb000 r-xp 00000000 b3:07 1308469    /lib/arm-linux-gnueabihf/libc-2.24.so
76ebb000-76eca000 ---p 0012a000 b3:07 1308469    /lib/arm-linux-gnueabihf/libc-2.24.so
76eca000-76ecc000 r--p 00129000 b3:07 1308469    /lib/arm-linux-gnueabihf/libc-2.24.so
76ecc000-76ecd000 rw-p 0012b000 b3:07 1308469    /lib/arm-linux-gnueabihf/libc-2.24.so
76ecd000-76ed0000 rw-p 00000000 00:00 0 
76ed0000-76ed2000 r-xp 00000000 b3:07 1308475    /lib/arm-linux-gnueabihf/libdl-2.24.so
76ed2000-76ee1000 ---p 00002000 b3:07 1308475    /lib/arm-linux-gnueabihf/libdl-2.24.so
76ee1000-76ee2000 r--p 00001000 b3:07 1308475    /lib/arm-linux-gnueabihf/libdl-2.24.so
76ee2000-76ee3000 rw-p 00002000 b3:07 1308475    /lib/arm-linux-gnueabihf/libdl-2.24.so
76ee3000-76ef1000 r-xp 00000000 b3:07 801383     /usr/lib/jvm/java-8-openjdk-armhf/jre/lib/arm/jli/libjli.so
76ef1000-76f00000 ---p 0000e000 b3:07 801383     /usr/lib/jvm/java-8-openjdk-armhf/jre/lib/arm/jli/libjli.so
76f00000-76f01000 r--p 0000d000 b3:07 801383     /usr/lib/jvm/java-8-openjdk-armhf/jre/lib/arm/jli/libjli.so
76f01000-76f02000 rw-p 0000e000 b3:07 801383     /usr/lib/jvm/java-8-openjdk-armhf/jre/lib/arm/jli/libjli.so
76f02000-76f18000 r-xp 00000000 b3:07 1321851    /lib/arm-linux-gnueabihf/libz.so.1.2.8
76f18000-76f27000 ---p 00016000 b3:07 1321851    /lib/arm-linux-gnueabihf/libz.so.1.2.8
76f27000-76f28000 r--p 00015000 b3:07 1321851    /lib/arm-linux-gnueabihf/libz.so.1.2.8
76f28000-76f29000 rw-p 00016000 b3:07 1321851    /lib/arm-linux-gnueabihf/libz.so.1.2.8
76f29000-76f3f000 r-xp 00000000 b3:07 1308514    /lib/arm-linux-gnueabihf/libpthread-2.24.so
76f3f000-76f4e000 ---p 00016000 b3:07 1308514    /lib/arm-linux-gnueabihf/libpthread-2.24.so
76f4e000-76f4f000 r--p 00015000 b3:07 1308514    /lib/arm-linux-gnueabihf/libpthread-2.24.so
76f4f000-76f50000 rw-p 00016000 b3:07 1308514    /lib/arm-linux-gnueabihf/libpthread-2.24.so
76f50000-76f52000 rw-p 00000000 00:00 0 
76f53000-76f54000 r--s 0000a000 b3:07 801427     /usr/lib/jvm/java-8-openjdk-armhf/jre/lib/ext/jaccess.jar
76f54000-76f56000 r--s 00001000 b3:07 801425     /usr/lib/jvm/java-8-openjdk-armhf/jre/lib/ext/dnsns.jar
76f56000-76f5a000 r--s 0003a000 b3:07 801432     /usr/lib/jvm/java-8-openjdk-armhf/jre/lib/ext/sunpkcs11.jar
76f5a000-76f5c000 r--s 00007000 b3:07 1439601    /usr/share/java/java-atk-wrapper.jar
76f5c000-76f5f000 r--s 0000f000 b3:07 801426     /usr/lib/jvm/java-8-openjdk-armhf/jre/lib/ext/icedtea-sound.jar
76f5f000-76f65000 r--s 0003d000 b3:07 801431     /usr/lib/jvm/java-8-openjdk-armhf/jre/lib/ext/sunjce_provider.jar
76f65000-76f6a000 r-xp 00000000 b3:07 801843     /usr/lib/arm-linux-gnueabihf/libarmmem.so
76f6a000-76f79000 ---p 00005000 b3:07 801843     /usr/lib/arm-linux-gnueabihf/libarmmem.so
76f79000-76f7a000 r--p 00004000 b3:07 801843     /usr/lib/arm-linux-gnueabihf/libarmmem.so
76f7a000-76f7b000 rw-p 00005000 b3:07 801843     /usr/lib/arm-linux-gnueabihf/libarmmem.so
76f7b000-76f9c000 r-xp 00000000 b3:07 1308458    /lib/arm-linux-gnueabihf/ld-2.24.so
76f9c000-76f9d000 r--s 0000d000 b3:07 801430     /usr/lib/jvm/java-8-openjdk-armhf/jre/lib/ext/sunec.jar
76f9d000-76f9e000 r--s 00010000 b3:07 801433     /usr/lib/jvm/java-8-openjdk-armhf/jre/lib/ext/zipfs.jar
76f9e000-76fa6000 rw-s 00000000 b3:07 654109     /tmp/hsperfdata_pi/23794
76fa6000-76fa7000 r--p 00000000 00:00 0 
76fa7000-76fab000 rw-p 00000000 00:00 0 
76fab000-76fac000 r--p 00020000 b3:07 1308458    /lib/arm-linux-gnueabihf/ld-2.24.so
76fac000-76fad000 rw-p 00021000 b3:07 1308458    /lib/arm-linux-gnueabihf/ld-2.24.so
7ed4f000-7ed70000 rw-p 00000000 00:00 0          [stack]
7ee18000-7ee19000 r-xp 00000000 00:00 0          [sigpage]
7ee19000-7ee1a000 r--p 00000000 00:00 0          [vvar]
7ee1a000-7ee1b000 r-xp 00000000 00:00 0          [vdso]
ffff0000-ffff1000 r-xp 00000000 00:00 0          [vectors]

VM Arguments:
java_command: cliloader.LoaderCLIMain
java_class_path (initial): /usr/local/bin/box
Launcher Type: SUN_STANDARD

Environment Variables:
CLASSPATH=/usr/local/bin/box
PATH=/home/pi/.vscode-server/bin/ff915844119ce9485abfe8aa9076ec76b5300ddd/bin:/usr/local/sbin:/usr/local/bin:/usr/sbin:/usr/bin:/sbin:/bin:/usr/local/games:/usr/games
SHELL=/bin/bash

Signal Handlers:
SIGSEGV: [libjvm.so+0x5bbc00], sa_mask[0]=11111111011111111101111111111110, sa_flags=SA_RESTART|SA_SIGINFO
SIGBUS: [libjvm.so+0x5bbc00], sa_mask[0]=11111111011111111101111111111110, sa_flags=SA_RESTART|SA_SIGINFO
SIGFPE: [libjvm.so+0x480b0c], sa_mask[0]=11111111011111111101111111111110, sa_flags=SA_RESTART|SA_SIGINFO
SIGPIPE: [libjvm.so+0x480b0c], sa_mask[0]=11111111011111111101111111111110, sa_flags=SA_RESTART|SA_SIGINFO
SIGXFSZ: [libjvm.so+0x480b0c], sa_mask[0]=11111111011111111101111111111110, sa_flags=SA_RESTART|SA_SIGINFO
SIGILL: [libjvm.so+0x480b0c], sa_mask[0]=11111111011111111101111111111110, sa_flags=SA_RESTART|SA_SIGINFO
SIGUSR1: SIG_DFL, sa_mask[0]=00000000000000000000000000000000, sa_flags=none
SIGUSR2: [libjvm.so+0x4809b8], sa_mask[0]=00000000000000000000000000000000, sa_flags=SA_RESTART|SA_SIGINFO
SIGHUP: [libjvm.so+0x480dbc], sa_mask[0]=11111111011111111101111111111110, sa_flags=SA_RESTART|SA_SIGINFO
SIGINT: [libjvm.so+0x480dbc], sa_mask[0]=11111111011111111101111111111110, sa_flags=SA_RESTART|SA_SIGINFO
SIGTERM: [libjvm.so+0x480dbc], sa_mask[0]=11111111011111111101111111111110, sa_flags=SA_RESTART|SA_SIGINFO
SIGQUIT: [libjvm.so+0x480dbc], sa_mask[0]=11111111011111111101111111111110, sa_flags=SA_RESTART|SA_SIGINFO


---------------  S Y S T E M  ---------------

OS:PRETTY_NAME="Raspbian GNU/Linux 9 (stretch)"
NAME="Raspbian GNU/Linux"
VERSION_ID="9"
VERSION="9 (stretch)"
VERSION_CODENAME=stretch
ID=raspbian
ID_LIKE=debian
HOME_URL="http://www.raspbian.org/"
SUPPORT_URL="http://www.raspbian.org/RaspbianForums"
BUG_REPORT_URL="http://www.raspbian.org/RaspbianBugs"

uname:Linux 4.19.66-v7+ #1253 SMP Thu Aug 15 11:49:46 BST 2019 armv7l
libc:glibc 2.24 NPTL 2.24 
rlimit: STACK 8192k, CORE 0k, NPROC 7304, NOFILE 1048576, AS infinity
load average:0.25 0.16 0.06

/proc/meminfo:
MemTotal:         944248 kB
MemFree:          278828 kB
MemAvailable:     627824 kB
Buffers:           63848 kB
Cached:           321712 kB
SwapCached:            0 kB
Active:           420100 kB
Inactive:         196076 kB
Active(anon):     219868 kB
Inactive(anon):    10704 kB
Active(file):     200232 kB
Inactive(file):   185372 kB
Unevictable:           0 kB
Mlocked:               0 kB
SwapTotal:        102396 kB
SwapFree:         102396 kB
Dirty:                92 kB
Writeback:             0 kB
AnonPages:        230592 kB
Mapped:            96528 kB
Shmem:             12468 kB
Slab:              29820 kB
SReclaimable:      16632 kB
SUnreclaim:        13188 kB
KernelStack:        2024 kB
PageTables:         3888 kB
NFS_Unstable:          0 kB
Bounce:                0 kB
WritebackTmp:          0 kB
CommitLimit:      574520 kB
Committed_AS:    1291432 kB
VmallocTotal:    1114112 kB
VmallocUsed:           0 kB
VmallocChunk:          0 kB
Percpu:              416 kB
CmaTotal:           8192 kB
CmaFree:            6816 kB

container (cgroup) information:
container_type: cgroupv1
cpu_cpuset_cpus: 0-3
cpu_memory_nodes: 0
active_processor_count: 4
cpu_quota: -2
cpu_period: -2
cpu_shares: -1
memory_limit_in_bytes: -1
memory_and_swap_limit_in_bytes: -2
memory_soft_limit_in_bytes: -1
memory_usage_in_bytes: 630652928
memory_max_usage_in_bytes: 0


CPU:total 4 (initial active 4) 0x41:0x0:0xd03:4

/proc/cpuinfo:
processor	: 0
model name	: ARMv7 Processor rev 4 (v7l)
BogoMIPS	: 76.80
Features	: half thumb fastmult vfp edsp neon vfpv3 tls vfpv4 idiva idivt vfpd32 lpae evtstrm crc32 
CPU implementer	: 0x41
CPU architecture: 7
CPU variant	: 0x0
CPU part	: 0xd03
CPU revision	: 4

processor	: 1
model name	: ARMv7 Processor rev 4 (v7l)
BogoMIPS	: 76.80
Features	: half thumb fastmult vfp edsp neon vfpv3 tls vfpv4 idiva idivt vfpd32 lpae evtstrm crc32 
CPU implementer	: 0x41
CPU architecture: 7
CPU variant	: 0x0
CPU part	: 0xd03
CPU revision	: 4

processor	: 2
model name	: ARMv7 Processor rev 4 (v7l)
BogoMIPS	: 76.80
Features	: half thumb fastmult vfp edsp neon vfpv3 tls vfpv4 idiva idivt vfpd32 lpae evtstrm crc32 
CPU implementer	: 0x41
CPU architecture: 7
CPU variant	: 0x0
CPU part	: 0xd03
CPU revision	: 4

processor	: 3
model name	: ARMv7 Processor rev 4 (v7l)
BogoMIPS	: 76.80
Features	: half thumb fastmult vfp edsp neon vfpv3 tls vfpv4 idiva idivt vfpd32 lpae evtstrm crc32 
CPU implementer	: 0x41
CPU architecture: 7
CPU variant	: 0x0
CPU part	: 0xd03
CPU revision	: 4

Hardware	: BCM2835
Revision	: a02082
Serial		: 00000000312be1c9


Memory: 4k page, physical 944248k(278828k free), swap 102396k(102396k free)

vm_info: OpenJDK Client VM (25.252-b09) for linux-aarch32 JRE (1.8.0_252-8u252-b09-1~deb9u1-b09), built on Apr 24 2020 13:11:49 by "buildd" with gcc 6.3.0 20170516

time: Wed May  6 02:34:43 2020
timezone: UTC
elapsed time: 201 seconds (0d 0h 3m 21s)

